D:\VS2012\PROJECT\HC_2\HC_2\RELEASE\HC_2.PCH
D:\VS2012\PROJECT\HC_2\HC_2\RELEASE\STDAFX.OBJ
D:\VS2012\PROJECT\HC_2\HC_2\RELEASE\VC110.PDB
D:\VS2012\PROJECT\HC_2\HC_2\RELEASE\MSCOMM1.OBJ
D:\VS2012\PROJECT\HC_2\HC_2\RELEASE\HC_2DLG.OBJ
D:\VS2012\PROJECT\HC_2\HC_2\RELEASE\HC_2.OBJ
D:\VS2012\PROJECT\HC_2\RELEASE\HC_2.EXE
D:\VS2012\PROJECT\HC_2\RELEASE\HC_2.PDB
D:\VS2012\PROJECT\HC_2\HC_2\RELEASE\HC_2.RES
D:\vs2012\PROJECT\HC_2\hc_2\Release\hc_2.obj
D:\vs2012\PROJECT\HC_2\hc_2\Release\hc_2Dlg.obj
D:\vs2012\PROJECT\HC_2\hc_2\Release\mscomm1.obj
D:\vs2012\PROJECT\HC_2\hc_2\Release\stdafx.obj
D:\vs2012\PROJECT\HC_2\hc_2\Release\cl.command.1.tlog
D:\vs2012\PROJECT\HC_2\hc_2\Release\CL.read.1.tlog
D:\vs2012\PROJECT\HC_2\hc_2\Release\CL.write.1.tlog
D:\vs2012\PROJECT\HC_2\hc_2\Release\link-cvtres.read.1.tlog
D:\vs2012\PROJECT\HC_2\hc_2\Release\link-cvtres.write.1.tlog
D:\vs2012\PROJECT\HC_2\hc_2\Release\link-mt.read.1.tlog
D:\vs2012\PROJECT\HC_2\hc_2\Release\link-mt.write.1.tlog
D:\vs2012\PROJECT\HC_2\hc_2\Release\link-rc.read.1.tlog
D:\vs2012\PROJECT\HC_2\hc_2\Release\link-rc.write.1.tlog
D:\vs2012\PROJECT\HC_2\hc_2\Release\link.command.1.tlog
D:\vs2012\PROJECT\HC_2\hc_2\Release\link.read.1.tlog
D:\vs2012\PROJECT\HC_2\hc_2\Release\link.write.1.tlog
D:\vs2012\PROJECT\HC_2\hc_2\Release\rc.command.1.tlog
D:\vs2012\PROJECT\HC_2\hc_2\Release\rc.read.1.tlog
D:\vs2012\PROJECT\HC_2\hc_2\Release\rc.write.1.tlog
D:\vs2012\PROJECT\HC_2\hc_2\Release\hc_2.res
D:\vs2012\PROJECT\HC_2\hc_2\Release\hc_2.pch
D:\vs2012\PROJECT\HC_2\hc_2\Release\vc110.pdb
D:\vs2012\PROJECT\HC_2\Release\hc_2.pdb
D:\vs2012\PROJECT\HC_2\Release\hc_2.exe
