D:\VS\PROJECT\HC_2\HC_2\DEBUG\HC_2.PCH
D:\VS\PROJECT\HC_2\HC_2\DEBUG\VC100.PDB
D:\VS\PROJECT\HC_2\HC_2\DEBUG\STDAFX.OBJ
D:\VS\PROJECT\HC_2\HC_2\DEBUG\HC_2.OBJ
D:\VS\PROJECT\HC_2\HC_2\DEBUG\HC_2DLG.OBJ
D:\VS\PROJECT\HC_2\HC_2\DEBUG\MSCOMM1.OBJ
D:\VS\PROJECT\HC_2\DEBUG\HC_2.ILK
D:\VS\PROJECT\HC_2\DEBUG\HC_2.DLL
D:\VS\PROJECT\HC_2\HC_2\DEBUG\HC_2.DLL.INTERMEDIATE.MANIFEST
D:\VS\PROJECT\HC_2\DEBUG\HC_2.PDB
D:\VS\PROJECT\HC_2\HC_2\DEBUG\HC_2.EXE.EMBED.MANIFEST
D:\VS\PROJECT\HC_2\HC_2\DEBUG\HC_2.DLL.EMBED.MANIFEST
D:\VS\PROJECT\HC_2\HC_2\DEBUG\HC_2.DLL.EMBED.MANIFEST.RES
D:\VS\PROJECT\HC_2\HC_2\DEBUG\HC_2.RES
D:\vs2012\PROJECT\HC_2\hc_2\Debug\hc_2.vcxprojResolveAssemblyReference.cache
D:\vs2012\PROJECT\HC_2\hc_2\Debug\hc_2.obj
D:\vs2012\PROJECT\HC_2\hc_2\Debug\hc_2Dlg.obj
D:\vs2012\PROJECT\HC_2\hc_2\Debug\mscomm1.obj
D:\vs2012\PROJECT\HC_2\hc_2\Debug\stdafx.obj
D:\vs2012\PROJECT\HC_2\hc_2\Debug\cl.command.1.tlog
D:\vs2012\PROJECT\HC_2\hc_2\Debug\CL.read.1.tlog
D:\vs2012\PROJECT\HC_2\hc_2\Debug\CL.write.1.tlog
D:\vs2012\PROJECT\HC_2\hc_2\Debug\hc_2.write.1.tlog
D:\vs2012\PROJECT\HC_2\hc_2\Debug\link-cvtres.read.1.tlog
D:\vs2012\PROJECT\HC_2\hc_2\Debug\link-cvtres.write.1.tlog
D:\vs2012\PROJECT\HC_2\hc_2\Debug\link.12148-cvtres.read.1.tlog
D:\vs2012\PROJECT\HC_2\hc_2\Debug\link.12148-cvtres.write.1.tlog
D:\vs2012\PROJECT\HC_2\hc_2\Debug\link.12148.read.1.tlog
D:\vs2012\PROJECT\HC_2\hc_2\Debug\link.12148.write.1.tlog
D:\vs2012\PROJECT\HC_2\hc_2\Debug\link.135524-cvtres.read.1.tlog
D:\vs2012\PROJECT\HC_2\hc_2\Debug\link.135524-cvtres.write.1.tlog
D:\vs2012\PROJECT\HC_2\hc_2\Debug\link.135524.read.1.tlog
D:\vs2012\PROJECT\HC_2\hc_2\Debug\link.135524.write.1.tlog
D:\vs2012\PROJECT\HC_2\hc_2\Debug\link.command.1.tlog
D:\vs2012\PROJECT\HC_2\hc_2\Debug\link.read.1.tlog
D:\vs2012\PROJECT\HC_2\hc_2\Debug\link.write.1.tlog
D:\vs2012\PROJECT\HC_2\hc_2\Debug\mt.command.1.tlog
D:\vs2012\PROJECT\HC_2\hc_2\Debug\mt.read.1.tlog
D:\vs2012\PROJECT\HC_2\hc_2\Debug\mt.write.1.tlog
D:\vs2012\PROJECT\HC_2\hc_2\Debug\rc.command.1.tlog
D:\vs2012\PROJECT\HC_2\hc_2\Debug\rc.read.1.tlog
D:\vs2012\PROJECT\HC_2\hc_2\Debug\rc.write.1.tlog
D:\vs2012\PROJECT\HC_2\hc_2\Debug\hc_2.dll.embed.manifest
D:\vs2012\PROJECT\HC_2\hc_2\Debug\hc_2.dll.intermediate.manifest
D:\vs2012\PROJECT\HC_2\hc_2\Debug\hc_2.exe.embed.manifest
D:\vs2012\PROJECT\HC_2\hc_2\Debug\hc_2.exe.intermediate.manifest
D:\vs2012\PROJECT\HC_2\hc_2\Debug\hc_2.dll.embed.manifest.res
D:\vs2012\PROJECT\HC_2\hc_2\Debug\hc_2.exe.embed.manifest.res
D:\vs2012\PROJECT\HC_2\hc_2\Debug\hc_2.res
D:\vs2012\PROJECT\HC_2\hc_2\Debug\hc_2.pch
D:\vs2012\PROJECT\HC_2\hc_2\Debug\vc100.idb
D:\vs2012\PROJECT\HC_2\hc_2\Debug\vc100.pdb
D:\vs2012\PROJECT\HC_2\hc_2\Debug\hc_2_manifest.rc
D:\vs2012\PROJECT\HC_2\Debug\hc_2.pdb
D:\vs2012\PROJECT\HC_2\Debug\hc_2.dll
D:\vs2012\PROJECT\HC_2\Debug\hc_2.ilk
